<?xml version="1.0" encoding="UTF-8"?>
<coverage generated="1763253885829" clover="3.2.0">
  <project timestamp="1763253885829" name="All files">
    <metrics statements="11" coveredstatements="11" conditionals="11" coveredconditionals="11" methods="2" coveredmethods="2" elements="24" coveredelements="24" complexity="0" loc="11" ncloc="11" packages="1" files="1" classes="1"/>
    <file name="CustomButton.jsx" path="C:\Users\jairo\Desktop\ds\Log-Tour\client\src\components\Button\CustomButton.jsx">
      <metrics statements="11" coveredstatements="11" conditionals="11" coveredconditionals="11" methods="2" coveredmethods="2"/>
      <line num="4" count="1" type="stmt"/>
      <line num="11" count="1" type="stmt"/>
      <line num="15" count="143" type="stmt"/>
      <line num="16" count="143" type="cond" truecount="2" falsecount="0"/>
      <line num="18" count="143" type="stmt"/>
      <line num="19" count="11" type="stmt"/>
      <line num="20" count="11" type="cond" truecount="2" falsecount="0"/>
      <line num="21" count="10" type="stmt"/>
      <line num="24" count="143" type="stmt"/>
      <line num="37" count="1" type="stmt"/>
      <line num="39" count="1" type="stmt"/>
    </file>
  </project>
</coverage>
