{"C:\\Users\\jairo\\Desktop\\ds\\Log-Tour\\client\\src\\components\\Button\\CustomButton.jsx": {"path":"C:\\Users\\jairo\\Desktop\\ds\\Log-Tour\\client\\src\\components\\Button\\CustomButton.jsx","statementMap":{"0":{"start":{"line":4,"column":22},"end":{"line":9,"column":null}},"1":{"start":{"line":11,"column":28},"end":{"line":35,"column":null}},"2":{"start":{"line":15,"column":21},"end":{"line":15,"column":null}},"3":{"start":{"line":16,"column":19},"end":{"line":16,"column":null}},"4":{"start":{"line":18,"column":22},"end":{"line":22,"column":null}},"5":{"start":{"line":19,"column":4},"end":{"line":19,"column":null}},"6":{"start":{"line":20,"column":4},"end":{"line":20,"column":null}},"7":{"start":{"line":20,"column":29},"end":{"line":20,"column":null}},"8":{"start":{"line":21,"column":4},"end":{"line":21,"column":null}},"9":{"start":{"line":24,"column":2},"end":{"line":33,"column":null}},"10":{"start":{"line":37,"column":0},"end":{"line":37,"column":null}},"11":{"start":{"line":39,"column":0},"end":{"line":48,"column":null}}},"fnMap":{"0":{"name":"CustomButton2","decl":{"start":{"line":11,"column":54},"end":{"line":11,"column":null}},"loc":{"start":{"line":14,"column":2},"end":{"line":35,"column":1}},"line":14},"1":{"name":"(anonymous_1)","decl":{"start":{"line":18,"column":22},"end":{"line":18,"column":29}},"loc":{"start":{"line":18,"column":35},"end":{"line":22,"column":null}},"line":18}},"branchMap":{"0":{"loc":{"start":{"line":12,"column":37},"end":{"line":12,"column":56}},"type":"default-arg","locations":[{"start":{"line":12,"column":49},"end":{"line":12,"column":56}}],"line":12},"1":{"loc":{"start":{"line":16,"column":19},"end":{"line":16,"column":null}},"type":"binary-expr","locations":[{"start":{"line":16,"column":19},"end":{"line":16,"column":28}},{"start":{"line":16,"column":28},"end":{"line":16,"column":null}}],"line":16},"2":{"loc":{"start":{"line":20,"column":4},"end":{"line":20,"column":null}},"type":"if","locations":[{"start":{"line":20,"column":4},"end":{"line":20,"column":null}},{"start":{},"end":{}}],"line":20},"3":{"loc":{"start":{"line":26,"column":89},"end":{"line":26,"column":104}},"type":"binary-expr","locations":[{"start":{"line":26,"column":89},"end":{"line":26,"column":102}},{"start":{"line":26,"column":102},"end":{"line":26,"column":104}}],"line":26},"4":{"loc":{"start":{"line":28,"column":16},"end":{"line":28,"column":null}},"type":"binary-expr","locations":[{"start":{"line":28,"column":16},"end":{"line":28,"column":28}},{"start":{"line":28,"column":28},"end":{"line":28,"column":null}}],"line":28},"5":{"loc":{"start":{"line":32,"column":7},"end":{"line":32,"column":null}},"type":"cond-expr","locations":[{"start":{"line":32,"column":19},"end":{"line":32,"column":37}},{"start":{"line":32,"column":37},"end":{"line":32,"column":null}}],"line":32}},"s":{"0":1,"1":1,"2":143,"3":143,"4":143,"5":11,"6":11,"7":1,"8":10,"9":143,"10":1,"11":1},"f":{"0":143,"1":11},"b":{"0":[143],"1":[143,141],"2":[1,10],"3":[143,142],"4":[143,139],"5":[4,139]},"meta":{"lastBranch":6,"lastFunction":2,"lastStatement":12,"seen":{"s:4:22:9:Infinity":0,"s:11:28:35:Infinity":1,"f:11:54:11:Infinity":0,"b:12:49:12:56":0,"s:15:21:15:Infinity":2,"s:16:19:16:Infinity":3,"b:16:19:16:28:16:28:16:Infinity":1,"s:18:22:22:Infinity":4,"f:18:22:18:29":1,"s:19:4:19:Infinity":5,"b:20:4:20:Infinity:undefined:undefined:undefined:undefined":2,"s:20:4:20:Infinity":6,"s:20:29:20:Infinity":7,"s:21:4:21:Infinity":8,"s:24:2:33:Infinity":9,"b:26:89:26:102:26:102:26:104":3,"b:28:16:28:28:28:28:28:Infinity":4,"b:32:19:32:37:32:37:32:Infinity":5,"s:37:0:37:Infinity":10,"s:39:0:48:Infinity":11}}}
}
